Build started 7/22/2014 3:50:21 PM.
     1>Project "C:\School\School Code\VGDDX\SDL\SDL_In_Class\SDL_In_Class.vcxproj" on node 2 (Build target(s)).
     1>Link:
         C:\Program Files (x86)\Microsoft Visual Studio 12.0\VC\bin\link.exe /ERRORREPORT:PROMPT /OUT:"C:\School\School Code\VGDDX\SDL\SDL_In_Class\Debug\SDL_In_Class.exe" /INCREMENTAL:NO /NOLOGO kernel32.lib user32.lib gdi32.lib winspool.lib comdlg32.lib advapi32.lib shell32.lib ole32.lib oleaut32.lib uuid.lib odbc32.lib odbccp32.lib /MANIFEST /MANIFESTUAC:"level='asInvoker' uiAccess='false'" /manifest:embed /DEBUG /PDB:"C:\School\School Code\VGDDX\SDL\SDL_In_Class\Debug\SDL_In_Class.pdb" /SUBSYSTEM:WINDOWS /TLBID:1 /DYNAMICBASE /NXCOMPAT /IMPLIB:"C:\School\School Code\VGDDX\SDL\SDL_In_Class\Debug\SDL_In_Class.lib" /MACHINE:X86 Debug\Character.obj
         Debug\ExampleGame.obj
         Debug\Game.obj
         Debug\Level.obj
         Debug\main.obj
         Debug\MathUtils.obj
         Debug\Player.obj
         Debug\Sprite.obj
         Debug\SpriteAnimation.obj
         "..\SDL-devel-1.2.15-VC\SDL-1.2.15\lib\x86\SDL.lib"
         "..\SDL-devel-1.2.15-VC\SDL-1.2.15\lib\x86\SDLmain.lib"
         "..\SDL_image-1.2.12\lib\x86\SDL_image.lib"
     1>Character.obj : warning LNK4075: ignoring '/EDITANDCONTINUE' due to '/OPT:LBR' specification
     1>MSVCRTD.lib(cinitexe.obj) : warning LNK4098: defaultlib 'msvcrt.lib' conflicts with use of other libs; use /NODEFAULTLIB:library
         SDL_In_Class.vcxproj -> C:\School\School Code\VGDDX\SDL\SDL_In_Class\Debug\SDL_In_Class.exe
     1>Done Building Project "C:\School\School Code\VGDDX\SDL\SDL_In_Class\SDL_In_Class.vcxproj" (Build target(s)).

Build succeeded.

Time Elapsed 00:00:00.30
